[DD] Loaded class: /usr/share/apf-dev/class/core/Directory.class.php ...
[DD] Loaded class: /usr/share/apf-dev/class/console/Ansi.class.php ...
[DD] Loaded class: /usr/share/apf-dev/class/core/Config.class.php ...
[DD] Loaded trait: /usr/share/apf-dev/trait/config/Projectable.trait.php ...
[DD] Loaded class: /usr/share/apf-dev/class/core/kernel/Config.class.php ...
[DD] Loaded class: /usr/share/apf-dev/class/core/Project.class.php ...
[DD] Loaded interface: /usr/share/apf-dev/interface/config/Nameable.interface.php ...
[DD] Loaded interface: /usr/share/apf-dev/interface/config/Describable.interface.php ...
[DD] Loaded interface: /usr/share/apf-dev/interface/config/Moduleable.interface.php ...
[DD] Loaded interface: /usr/share/apf-dev/interface/config/Templateable.interface.php ...
[DD] Loaded interface: /usr/share/apf-dev/interface/config/Fragmentable.interface.php ...
[DD] Loaded interface: /usr/share/apf-dev/interface/config/Networkable.interface.php ...
[DD] Loaded interface: /usr/share/apf-dev/interface/config/web/Assetable.interface.php ...
[DD] Loaded interface: /usr/share/apf-dev/interface/config/DocumentRootable.interface.php ...
[DD] Loaded trait: /usr/share/apf-dev/trait/config/Nameable.trait.php ...
[DD] Loaded trait: /usr/share/apf-dev/trait/config/Describable.trait.php ...
[DD] Loaded trait: /usr/share/apf-dev/trait/config/project/Directories.trait.php ...
[DD] Loaded trait: /usr/share/apf-dev/trait/config/Moduleable.trait.php ...
[DD] Loaded trait: /usr/share/apf-dev/trait/config/Templateable.trait.php ...
[DD] Loaded trait: /usr/share/apf-dev/trait/config/Fragmentable.trait.php ...
[DD] Loaded trait: /usr/share/apf-dev/trait/config/DocumentRootable.trait.php ...
[DD] Loaded trait: /usr/share/apf-dev/trait/config/Networkable.trait.php ...
[DD] Loaded trait: /usr/share/apf-dev/trait/config/web/Assetable.trait.php ...
[DD] Loaded class: /usr/share/apf-dev/class/core/project/Config.class.php ...
[DD] Loaded class: /usr/share/apf-dev/class/core/config/Adapter.class.php ...
[DD] Loaded class: /usr/share/apf-dev/class/core/config/adapter/Json.class.php ...
[DD] Loaded class: /usr/share/apf-dev/class/core/config/Value.class.php ...
[DD] Loaded class: /usr/share/apf-dev/class/core/config/Validator.class.php ...
[DD] Loaded class: /usr/share/apf-dev/class/core/project/config/Validator.class.php ...
[DD] Loaded class: /usr/share/apf-dev/class/core/Directory.class.php ...
[DD] Loaded class: /usr/share/apf-dev/class/console/Ansi.class.php ...
[DD] Loaded class: /usr/share/apf-dev/class/core/Config.class.php ...
[DD] Loaded trait: /usr/share/apf-dev/trait/config/Projectable.trait.php ...
[DD] Loaded class: /usr/share/apf-dev/class/core/kernel/Config.class.php ...
[DD] Loaded class: /usr/share/apf-dev/class/core/Project.class.php ...
[DD] Loaded interface: /usr/share/apf-dev/interface/config/Nameable.interface.php ...
[DD] Loaded interface: /usr/share/apf-dev/interface/config/Describable.interface.php ...
[DD] Loaded interface: /usr/share/apf-dev/interface/config/Moduleable.interface.php ...
[DD] Loaded interface: /usr/share/apf-dev/interface/config/Templateable.interface.php ...
[DD] Loaded interface: /usr/share/apf-dev/interface/config/Fragmentable.interface.php ...
[DD] Loaded interface: /usr/share/apf-dev/interface/config/Networkable.interface.php ...
[DD] Loaded interface: /usr/share/apf-dev/interface/config/web/Assetable.interface.php ...
[DD] Loaded interface: /usr/share/apf-dev/interface/config/DocumentRootable.interface.php ...
[DD] Loaded trait: /usr/share/apf-dev/trait/config/Nameable.trait.php ...
[DD] Loaded trait: /usr/share/apf-dev/trait/config/Describable.trait.php ...
[DD] Loaded trait: /usr/share/apf-dev/trait/config/project/Directories.trait.php ...
[DD] Loaded trait: /usr/share/apf-dev/trait/config/Moduleable.trait.php ...
[DD] Loaded trait: /usr/share/apf-dev/trait/config/Templateable.trait.php ...
[DD] Loaded trait: /usr/share/apf-dev/trait/config/Fragmentable.trait.php ...
[DD] Loaded trait: /usr/share/apf-dev/trait/config/DocumentRootable.trait.php ...
[DD] Loaded trait: /usr/share/apf-dev/trait/config/Networkable.trait.php ...
[DD] Loaded trait: /usr/share/apf-dev/trait/config/web/Assetable.trait.php ...
[DD] Loaded class: /usr/share/apf-dev/class/core/project/Config.class.php ...
[DD] Loaded class: /usr/share/apf-dev/class/core/config/Adapter.class.php ...
[DD] Loaded class: /usr/share/apf-dev/class/core/config/adapter/Json.class.php ...
[DD] Loaded class: /usr/share/apf-dev/class/core/config/Value.class.php ...
[DD] Loaded class: /usr/share/apf-dev/class/core/config/Validator.class.php ...
[DD] Loaded class: /usr/share/apf-dev/class/core/project/config/Validator.class.php ...
[DD] Loaded class: /usr/share/apf-dev/class/core/Directory.class.php ...
[DD] Loaded class: /usr/share/apf-dev/class/console/Ansi.class.php ...
[DD] Loaded class: /usr/share/apf-dev/class/core/Config.class.php ...
[DD] Loaded trait: /usr/share/apf-dev/trait/config/Projectable.trait.php ...
[DD] Loaded class: /usr/share/apf-dev/class/core/kernel/Config.class.php ...
[DD] Loaded class: /usr/share/apf-dev/class/core/Project.class.php ...
[DD] Loaded interface: /usr/share/apf-dev/interface/config/Nameable.interface.php ...
[DD] Loaded interface: /usr/share/apf-dev/interface/config/Describable.interface.php ...
[DD] Loaded interface: /usr/share/apf-dev/interface/config/Moduleable.interface.php ...
[DD] Loaded interface: /usr/share/apf-dev/interface/config/Templateable.interface.php ...
[DD] Loaded interface: /usr/share/apf-dev/interface/config/Fragmentable.interface.php ...
[DD] Loaded interface: /usr/share/apf-dev/interface/config/Networkable.interface.php ...
[DD] Loaded interface: /usr/share/apf-dev/interface/config/web/Assetable.interface.php ...
[DD] Loaded interface: /usr/share/apf-dev/interface/config/DocumentRootable.interface.php ...
[DD] Loaded trait: /usr/share/apf-dev/trait/config/Nameable.trait.php ...
[DD] Loaded trait: /usr/share/apf-dev/trait/config/Describable.trait.php ...
[DD] Loaded trait: /usr/share/apf-dev/trait/config/project/Directories.trait.php ...
[DD] Loaded trait: /usr/share/apf-dev/trait/config/Moduleable.trait.php ...
[DD] Loaded trait: /usr/share/apf-dev/trait/config/Templateable.trait.php ...
[DD] Loaded trait: /usr/share/apf-dev/trait/config/Fragmentable.trait.php ...
[DD] Loaded trait: /usr/share/apf-dev/trait/config/DocumentRootable.trait.php ...
[DD] Loaded trait: /usr/share/apf-dev/trait/config/Networkable.trait.php ...
[DD] Loaded trait: /usr/share/apf-dev/trait/config/web/Assetable.trait.php ...
[DD] Loaded class: /usr/share/apf-dev/class/core/project/Config.class.php ...
[DD] Loaded class: /usr/share/apf-dev/class/core/config/Adapter.class.php ...
[DD] Loaded class: /usr/share/apf-dev/class/core/config/adapter/Json.class.php ...
[DD] Loaded class: /usr/share/apf-dev/class/core/config/Value.class.php ...
[DD] Loaded class: /usr/share/apf-dev/class/core/config/Validator.class.php ...
[DD] Loaded class: /usr/share/apf-dev/class/core/project/config/Validator.class.php ...
[DD] [2016-02-22 03:39:59]Loaded class: /usr/share/apf-dev/class/core/Directory.class.php ...
[DD] [2016-02-22 03:39:59]Loaded class: /usr/share/apf-dev/class/console/Ansi.class.php ...
[DD] [2016-02-22 03:39:59]Loaded class: /usr/share/apf-dev/class/core/Config.class.php ...
[DD] [2016-02-22 03:39:59]Loaded trait: /usr/share/apf-dev/trait/config/Projectable.trait.php ...
[DD] [2016-02-22 03:39:59]Loaded class: /usr/share/apf-dev/class/core/kernel/Config.class.php ...
[DD] [2016-02-22 03:39:59]Loaded class: /usr/share/apf-dev/class/core/Project.class.php ...
[DD] [2016-02-22 03:39:59]Loaded interface: /usr/share/apf-dev/interface/config/Nameable.interface.php ...
[DD] [2016-02-22 03:39:59]Loaded interface: /usr/share/apf-dev/interface/config/Describable.interface.php ...
[DD] [2016-02-22 03:39:59]Loaded interface: /usr/share/apf-dev/interface/config/Moduleable.interface.php ...
[DD] [2016-02-22 03:39:59]Loaded interface: /usr/share/apf-dev/interface/config/Templateable.interface.php ...
[DD] [2016-02-22 03:39:59]Loaded interface: /usr/share/apf-dev/interface/config/Fragmentable.interface.php ...
[DD] [2016-02-22 03:39:59]Loaded interface: /usr/share/apf-dev/interface/config/Networkable.interface.php ...
[DD] [2016-02-22 03:39:59]Loaded interface: /usr/share/apf-dev/interface/config/web/Assetable.interface.php ...
[DD] [2016-02-22 03:39:59]Loaded interface: /usr/share/apf-dev/interface/config/DocumentRootable.interface.php ...
[DD] [2016-02-22 03:39:59]Loaded trait: /usr/share/apf-dev/trait/config/Nameable.trait.php ...
[DD] [2016-02-22 03:39:59]Loaded trait: /usr/share/apf-dev/trait/config/Describable.trait.php ...
[DD] [2016-02-22 03:39:59]Loaded trait: /usr/share/apf-dev/trait/config/project/Directories.trait.php ...
[DD] [2016-02-22 03:39:59]Loaded trait: /usr/share/apf-dev/trait/config/Moduleable.trait.php ...
[DD] [2016-02-22 03:39:59]Loaded trait: /usr/share/apf-dev/trait/config/Templateable.trait.php ...
[DD] [2016-02-22 03:39:59]Loaded trait: /usr/share/apf-dev/trait/config/Fragmentable.trait.php ...
[DD] [2016-02-22 03:39:59]Loaded trait: /usr/share/apf-dev/trait/config/DocumentRootable.trait.php ...
[DD] [2016-02-22 03:39:59]Loaded trait: /usr/share/apf-dev/trait/config/Networkable.trait.php ...
[DD] [2016-02-22 03:39:59]Loaded trait: /usr/share/apf-dev/trait/config/web/Assetable.trait.php ...
[DD] [2016-02-22 03:39:59]Loaded class: /usr/share/apf-dev/class/core/project/Config.class.php ...
[DD] [2016-02-22 03:39:59]Loaded class: /usr/share/apf-dev/class/core/config/Adapter.class.php ...
[DD] [2016-02-22 03:39:59]Loaded class: /usr/share/apf-dev/class/core/config/adapter/Json.class.php ...
[DD] [2016-02-22 03:39:59]Loaded class: /usr/share/apf-dev/class/core/config/Value.class.php ...
[DD] [2016-02-22 03:39:59]Loaded class: /usr/share/apf-dev/class/core/config/Validator.class.php ...
[DD] [2016-02-22 03:39:59]Loaded class: /usr/share/apf-dev/class/core/project/config/Validator.class.php ...
[DD] [2016-02-22 03:48:51]Loaded class: /usr/share/apf-dev/class/core/Directory.class.php ...
[DD] [2016-02-22 03:48:51]Loaded class: /usr/share/apf-dev/class/console/Ansi.class.php ...
[DD] [2016-02-22 03:48:51]Loaded class: /usr/share/apf-dev/class/core/Config.class.php ...
[DD] [2016-02-22 03:48:51]Loaded trait: /usr/share/apf-dev/trait/config/Projectable.trait.php ...
[DD] [2016-02-22 03:48:51]Loaded class: /usr/share/apf-dev/class/core/kernel/Config.class.php ...
[DD] [2016-02-22 03:48:51]Loaded class: /usr/share/apf-dev/class/core/Project.class.php ...
[DD] [2016-02-22 03:48:51]Loaded interface: /usr/share/apf-dev/interface/config/Nameable.interface.php ...
[DD] [2016-02-22 03:48:51]Loaded interface: /usr/share/apf-dev/interface/config/Describable.interface.php ...
[DD] [2016-02-22 03:48:51]Loaded interface: /usr/share/apf-dev/interface/config/Moduleable.interface.php ...
[DD] [2016-02-22 03:48:51]Loaded interface: /usr/share/apf-dev/interface/config/Templateable.interface.php ...
[DD] [2016-02-22 03:48:51]Loaded interface: /usr/share/apf-dev/interface/config/Fragmentable.interface.php ...
[DD] [2016-02-22 03:48:51]Loaded interface: /usr/share/apf-dev/interface/config/Networkable.interface.php ...
[DD] [2016-02-22 03:48:51]Loaded interface: /usr/share/apf-dev/interface/config/web/Assetable.interface.php ...
[DD] [2016-02-22 03:48:51]Loaded interface: /usr/share/apf-dev/interface/config/DocumentRootable.interface.php ...
[DD] [2016-02-22 03:48:51]Loaded trait: /usr/share/apf-dev/trait/config/Nameable.trait.php ...
[DD] [2016-02-22 03:48:51]Loaded trait: /usr/share/apf-dev/trait/config/Describable.trait.php ...
[DD] [2016-02-22 03:48:51]Loaded trait: /usr/share/apf-dev/trait/config/project/Directories.trait.php ...
[DD] [2016-02-22 03:48:51]Loaded trait: /usr/share/apf-dev/trait/config/Moduleable.trait.php ...
[DD] [2016-02-22 03:48:51]Loaded trait: /usr/share/apf-dev/trait/config/Templateable.trait.php ...
[DD] [2016-02-22 03:48:51]Loaded trait: /usr/share/apf-dev/trait/config/Fragmentable.trait.php ...
[DD] [2016-02-22 03:48:51]Loaded trait: /usr/share/apf-dev/trait/config/DocumentRootable.trait.php ...
[DD] [2016-02-22 03:48:51]Loaded trait: /usr/share/apf-dev/trait/config/Networkable.trait.php ...
[DD] [2016-02-22 03:48:51]Loaded trait: /usr/share/apf-dev/trait/config/web/Assetable.trait.php ...
[DD] [2016-02-22 03:48:51]Loaded class: /usr/share/apf-dev/class/core/project/Config.class.php ...
[DD] [2016-02-22 03:48:51]Loaded class: /usr/share/apf-dev/class/core/config/Adapter.class.php ...
[DD] [2016-02-22 03:48:51]Loaded class: /usr/share/apf-dev/class/core/config/adapter/Json.class.php ...
[DD] [2016-02-22 03:48:51]Loaded class: /usr/share/apf-dev/class/core/config/Value.class.php ...
[DD] [2016-02-22 03:48:51]Loaded class: /usr/share/apf-dev/class/core/config/Validator.class.php ...
[DD] [2016-02-22 03:48:51]Loaded class: /usr/share/apf-dev/class/core/project/config/Validator.class.php ...
[DD] [2016-02-22 03:49:04]Loaded class: /usr/share/apf-dev/class/core/Directory.class.php ...
[DD] [2016-02-22 03:49:04]Loaded class: /usr/share/apf-dev/class/console/Ansi.class.php ...
[DD] [2016-02-22 03:49:04]Loaded class: /usr/share/apf-dev/class/core/Config.class.php ...
[DD] [2016-02-22 03:49:04]Loaded trait: /usr/share/apf-dev/trait/config/Projectable.trait.php ...
[DD] [2016-02-22 03:49:04]Loaded class: /usr/share/apf-dev/class/core/kernel/Config.class.php ...
[DD] [2016-02-22 03:49:04]Loaded class: /usr/share/apf-dev/class/core/Project.class.php ...
[DD] [2016-02-22 03:49:04]Loaded interface: /usr/share/apf-dev/interface/config/Nameable.interface.php ...
[DD] [2016-02-22 03:49:04]Loaded interface: /usr/share/apf-dev/interface/config/Describable.interface.php ...
[DD] [2016-02-22 03:49:04]Loaded interface: /usr/share/apf-dev/interface/config/Moduleable.interface.php ...
[DD] [2016-02-22 03:49:04]Loaded interface: /usr/share/apf-dev/interface/config/Templateable.interface.php ...
[DD] [2016-02-22 03:49:04]Loaded interface: /usr/share/apf-dev/interface/config/Fragmentable.interface.php ...
[DD] [2016-02-22 03:49:04]Loaded interface: /usr/share/apf-dev/interface/config/Networkable.interface.php ...
[DD] [2016-02-22 03:49:04]Loaded interface: /usr/share/apf-dev/interface/config/web/Assetable.interface.php ...
[DD] [2016-02-22 03:49:04]Loaded interface: /usr/share/apf-dev/interface/config/DocumentRootable.interface.php ...
[DD] [2016-02-22 03:49:04]Loaded trait: /usr/share/apf-dev/trait/config/Nameable.trait.php ...
[DD] [2016-02-22 03:49:04]Loaded trait: /usr/share/apf-dev/trait/config/Describable.trait.php ...
[DD] [2016-02-22 03:49:04]Loaded trait: /usr/share/apf-dev/trait/config/project/Directories.trait.php ...
[DD] [2016-02-22 03:49:04]Loaded trait: /usr/share/apf-dev/trait/config/Moduleable.trait.php ...
[DD] [2016-02-22 03:49:04]Loaded trait: /usr/share/apf-dev/trait/config/Templateable.trait.php ...
[DD] [2016-02-22 03:49:04]Loaded trait: /usr/share/apf-dev/trait/config/Fragmentable.trait.php ...
[DD] [2016-02-22 03:49:04]Loaded trait: /usr/share/apf-dev/trait/config/DocumentRootable.trait.php ...
[DD] [2016-02-22 03:49:04]Loaded trait: /usr/share/apf-dev/trait/config/Networkable.trait.php ...
[DD] [2016-02-22 03:49:04]Loaded trait: /usr/share/apf-dev/trait/config/web/Assetable.trait.php ...
[DD] [2016-02-22 03:49:04]Loaded class: /usr/share/apf-dev/class/core/project/Config.class.php ...
[DD] [2016-02-22 03:49:04]Loaded class: /usr/share/apf-dev/class/core/config/Adapter.class.php ...
[DD] [2016-02-22 03:49:04]Loaded class: /usr/share/apf-dev/class/core/config/adapter/Json.class.php ...
[DD] [2016-02-22 03:49:04]Loaded class: /usr/share/apf-dev/class/core/config/Value.class.php ...
[DD] [2016-02-22 03:49:04]Loaded class: /usr/share/apf-dev/class/core/config/Validator.class.php ...
[DD] [2016-02-22 03:49:04]Loaded class: /usr/share/apf-dev/class/core/project/config/Validator.class.php ...
